<?xml version="1.0" encoding="UTF-8"?>
<!-- Generated by org.testng.reporters.JUnitXMLReporter -->
<testsuite ignored="0" hostname="DESKTOP-628K9RV" failures="0" tests="6" name="Command line test" time="0.108" errors="0" timestamp="2021-06-15T18:45:24 IST">
  <testcase classname="qaclick.AndroidTest" name="UiElementsrestandroid" time="0.012"/>
  <testcase classname="qaclick.AndroidTest" name="browserauthenrestandroid" time="0.001"/>
  <testcase classname="qaclick.RestApiTest" name="UiElementsrest" time="0.001"/>
  <testcase classname="qaclick.RestApiTest" name="browserauthenrest" time="0.001"/>
  <testcase classname="qaclick.SeleniumTest" name="UiElementsselenium" time="0.0"/>
  <testcase classname="qaclick.SeleniumTest" name="seleniumtest" time="0.002"/>
</testsuite> <!-- Command line test -->
