<?xml version="1.0" encoding="UTF-8"?>
<testsuite xmlns:xsi="http://www.w3.org/2001/XMLSchema-instance" xsi:noNamespaceSchemaLocation="https://maven.apache.org/surefire/maven-surefire-plugin/xsd/surefire-test-report-3.0.xsd" version="3.0" name="TestSuite" time="1.066" tests="4" errors="0" skipped="0" failures="0">
  <properties>
[...]
</properties>
  <testcase name="UiElementsselenium" classname="qaclick.SeleniumTest" time="0.017">
    <system-out><![CDATA[I am printing selenium 2nd block
]]></system-out>
  </testcase>
  <testcase name="seleniumtest" classname="qaclick.SeleniumTest" time="0.006">
    <system-out><![CDATA[I am printing selenium 1st block
]]></system-out>
  </testcase>
  <testcase name="UiElementsrest" classname="qaclick.RestApiTest" time="0.004">
    <system-out><![CDATA[I am printing restapi 2nd block
]]></system-out>
  </testcase>
  <testcase name="browserauthenrest" classname="qaclick.RestApiTest" time="0.013">
    <system-out><![CDATA[I am printing restapi 1st block
]]></system-out>
  </testcase>
</testsuite>