<?xml version="1.0" encoding="UTF-8"?>
<testng-results ignored="0" total="2" passed="2" failed="0" skipped="0">
  <reporter-output>
  </reporter-output>
  <suite started-at="2021-06-15T07:57:40 IST" name="Default suite" finished-at="2021-06-15T07:57:40 IST" duration-ms="100">
    <groups>
    </groups>
    <test started-at="2021-06-15T07:57:40 IST" name="Default test" finished-at="2021-06-15T07:57:40 IST" duration-ms="100">
      <class name="qaclick.AndroidTest">
        <test-method signature="UiElementsrestandroid()[pri:0, instance:qaclick.AndroidTest@6a6afff2]" started-at="2021-06-15T07:57:40 IST" name="UiElementsrestandroid" finished-at="2021-06-15T07:57:40 IST" duration-ms="18" status="PASS">
          <reporter-output>
          </reporter-output>
        </test-method> <!-- UiElementsrestandroid -->
        <test-method signature="browserauthenrestandroid()[pri:0, instance:qaclick.AndroidTest@6a6afff2]" started-at="2021-06-15T07:57:40 IST" name="browserauthenrestandroid" finished-at="2021-06-15T07:57:40 IST" duration-ms="2" status="PASS">
          <reporter-output>
          </reporter-output>
        </test-method> <!-- browserauthenrestandroid -->
      </class> <!-- qaclick.AndroidTest -->
    </test> <!-- Default test -->
  </suite> <!-- Default suite -->
</testng-results>
